This file contains any messages produced by compilers while
running configure, to aid debugging if configure makes a mistake.

It was created by libuv configure 1.29.1, which was
generated by GNU Autoconf 2.69.  Invocation command line was

  $ ./configure --disable-shared --enable-static

## --------- ##
## Platform. ##
## --------- ##

hostname = n
uname -m = x86_64
uname -r = 5.0.0-15-generic
uname -s = Linux
uname -v = #16-Ubuntu SMP Mon May 6 17:41:33 UTC 2019

/usr/bin/uname -p = unknown
/bin/uname -X     = unknown

/bin/arch              = unknown
/usr/bin/arch -k       = unknown
/usr/convex/getsysinfo = unknown
/usr/bin/hostinfo      = unknown
/bin/machine           = unknown
/usr/bin/oslevel       = unknown
/bin/universe          = unknown

PATH: /home/stano/bin
PATH: /home/stano/.local/bin
PATH: /usr/local/sbin
PATH: /usr/local/bin
PATH: /usr/sbin
PATH: /usr/bin
PATH: /sbin
PATH: /bin
PATH: /usr/games
PATH: /usr/local/games
PATH: /snap/bin
PATH: /usr/local/go/bin
PATH: /home/stano/work/bin


## ----------- ##
## Core tests. ##
## ----------- ##

configure:2357: checking for a BSD-compatible install
configure:2425: result: /usr/bin/install -c
configure:2436: checking whether build environment is sane
configure:2491: result: yes
configure:2640: checking for a thread-safe mkdir -p
configure:2679: result: /bin/mkdir -p
configure:2686: checking for gawk
configure:2702: found /usr/bin/gawk
configure:2713: result: gawk
configure:2724: checking whether make sets $(MAKE)
configure:2746: result: yes
configure:2775: checking whether make supports nested variables
configure:2792: result: yes
configure:2922: checking build system type
configure:2936: result: x86_64-pc-linux-gnu
configure:2956: checking host system type
configure:2969: result: x86_64-pc-linux-gnu
configure:3099: checking for gcc
configure:3115: found /usr/bin/gcc
configure:3126: result: gcc
configure:3355: checking for C compiler version
configure:3364: gcc --version >&5
gcc (Ubuntu 8.3.0-6ubuntu1) 8.3.0
Copyright (C) 2018 Free Software Foundation, Inc.
This is free software; see the source for copying conditions.  There is NO
warranty; not even for MERCHANTABILITY or FITNESS FOR A PARTICULAR PURPOSE.

configure:3375: $? = 0
configure:3364: gcc -v >&5
Using built-in specs.
COLLECT_GCC=gcc
COLLECT_LTO_WRAPPER=/usr/lib/gcc/x86_64-linux-gnu/8/lto-wrapper
OFFLOAD_TARGET_NAMES=nvptx-none
OFFLOAD_TARGET_DEFAULT=1
Target: x86_64-linux-gnu
Configured with: ../src/configure -v --with-pkgversion='Ubuntu 8.3.0-6ubuntu1' --with-bugurl=file:///usr/share/doc/gcc-8/README.Bugs --enable-languages=c,ada,c++,go,brig,d,fortran,objc,obj-c++ --prefix=/usr --with-gcc-major-version-only --program-suffix=-8 --program-prefix=x86_64-linux-gnu- --enable-shared --enable-linker-build-id --libexecdir=/usr/lib --without-included-gettext --enable-threads=posix --libdir=/usr/lib --enable-nls --enable-bootstrap --enable-clocale=gnu --enable-libstdcxx-debug --enable-libstdcxx-time=yes --with-default-libstdcxx-abi=new --enable-gnu-unique-object --disable-vtable-verify --enable-libmpx --enable-plugin --enable-default-pie --with-system-zlib --with-target-system-zlib --enable-objc-gc=auto --enable-multiarch --disable-werror --with-arch-32=i686 --with-abi=m64 --with-multilib-list=m32,m64,mx32 --enable-multilib --with-tune=generic --enable-offload-targets=nvptx-none --without-cuda-driver --enable-checking=release --build=x86_64-linux-gnu --host=x86_64-linux-gnu --target=x86_64-linux-gnu
Thread model: posix
gcc version 8.3.0 (Ubuntu 8.3.0-6ubuntu1) 
configure:3375: $? = 0
configure:3364: gcc -V >&5
gcc: error: unrecognized command line option '-V'
gcc: fatal error: no input files
compilation terminated.
configure:3375: $? = 1
configure:3364: gcc -qversion >&5
gcc: error: unrecognized command line option '-qversion'; did you mean '--version'?
gcc: fatal error: no input files
compilation terminated.
configure:3375: $? = 1
configure:3395: checking whether the C compiler works
configure:3417: gcc    conftest.c  >&5
configure:3421: $? = 0
configure:3469: result: yes
configure:3472: checking for C compiler default output file name
configure:3474: result: a.out
configure:3480: checking for suffix of executables
configure:3487: gcc -o conftest    conftest.c  >&5
configure:3491: $? = 0
configure:3513: result: 
configure:3535: checking whether we are cross compiling
configure:3543: gcc -o conftest    conftest.c  >&5
configure:3547: $? = 0
configure:3554: ./conftest
configure:3558: $? = 0
configure:3546: result: no
configure:3551: checking for suffix of object files
configure:3573: gcc -c   conftest.c >&5
configure:3577: $? = 0
configure:3598: result: o
configure:3602: checking whether we are using the GNU C compiler
configure:3621: gcc -c   conftest.c >&5
configure:3621: $? = 0
configure:3630: result: yes
configure:3639: checking whether gcc accepts -g
configure:3659: gcc -c -g  conftest.c >&5
configure:3659: $? = 0
configure:3700: result: yes
configure:3717: checking for gcc option to accept ISO C89
configure:3780: gcc  -c -g -O2  conftest.c >&5
configure:3780: $? = 0
configure:3793: result: none needed
configure:3818: checking whether gcc understands -c and -o together
configure:3840: gcc -c conftest.c -o conftest2.o
configure:3843: $? = 0
configure:3840: gcc -c conftest.c -o conftest2.o
configure:3843: $? = 0
configure:3855: result: yes
configure:3875: checking whether make supports the include directive
configure:3890: make -f confmf.GNU && cat confinc.out
this is the am__doit target
configure:3893: $? = 0
configure:3907: result: yes (GNU style)
configure:3932: checking dependency style of gcc
configure:4043: result: gcc3
configure:4067: checking if gcc supports -pedantic flag
configure:4083: gcc -c -g -O2 -pedantic  conftest.c >&5
configure:4083: $? = 0
configure:4100: result: yes
configure:4112: checking for gcc way to treat warnings as errors
configure:4127: gcc -c -g -O2 -pedantic -Werror  conftest.c >&5
configure:4127: $? = 0
configure:4170: result: -Werror
configure:4175: checking if gcc supports -fvisibility=hidden
configure:4192: gcc -c -g -O2 -pedantic -Werror -fvisibility=hidden  conftest.c >&5
configure:4192: $? = 0
configure:4211: result: yes
configure:4224: checking if gcc supports -g flag
configure:4239: gcc -c -g -O2 -pedantic -g  conftest.c >&5
configure:4239: $? = 0
configure:4256: result: yes
configure:4268: checking if gcc supports -std=gnu89 flag
configure:4283: gcc -c -g -O2 -pedantic -g -std=gnu89  conftest.c >&5
configure:4283: $? = 0
configure:4300: result: yes
configure:4312: checking if gcc supports -Wall flag
configure:4327: gcc -c -g -O2 -pedantic -g -std=gnu89 -Wall  conftest.c >&5
configure:4327: $? = 0
configure:4344: result: yes
configure:4356: checking if gcc supports -Wextra flag
configure:4371: gcc -c -g -O2 -pedantic -g -std=gnu89 -Wall -Wextra  conftest.c >&5
configure:4371: $? = 0
configure:4388: result: yes
configure:4400: checking if gcc supports -Wno-unused-parameter flag
configure:4415: gcc -c -g -O2 -pedantic -g -std=gnu89 -Wall -Wextra -Wno-unused-parameter  conftest.c >&5
configure:4415: $? = 0
configure:4432: result: yes
configure:4444: checking if gcc supports -Wstrict-prototypes flag
configure:4459: gcc -c -g -O2 -pedantic -g -std=gnu89 -Wall -Wextra -Wno-unused-parameter -Wstrict-prototypes  conftest.c >&5
configure:4459: $? = 0
configure:4476: result: yes
configure:4535: checking for ar
configure:4551: found /usr/bin/ar
configure:4562: result: ar
configure:4588: checking the archiver (ar) interface
configure:4604: gcc -c -g -O2 -pedantic -g -std=gnu89 -Wall -Wextra -Wno-unused-parameter -Wstrict-prototypes  conftest.c >&5
configure:4604: $? = 0
configure:4606: ar cru libconftest.a conftest.o >&5
ar: `u' modifier ignored since `D' is the default (see `U')
configure:4609: $? = 0
configure:4608: result: ar
configure:4675: checking how to print strings
configure:4702: result: printf
configure:4723: checking for a sed that does not truncate output
configure:4787: result: /bin/sed
configure:4805: checking for grep that handles long lines and -e
configure:4863: result: /bin/grep
configure:4868: checking for egrep
configure:4930: result: /bin/grep -E
configure:4935: checking for fgrep
configure:4997: result: /bin/grep -F
configure:5032: checking for ld used by gcc
configure:5099: result: /usr/bin/ld
configure:5106: checking if the linker (/usr/bin/ld) is GNU ld
configure:5121: result: yes
configure:5133: checking for BSD- or MS-compatible name lister (nm)
configure:5187: result: /usr/bin/nm -B
configure:5317: checking the name lister (/usr/bin/nm -B) interface
configure:5324: gcc -c -g -O2 -pedantic -g -std=gnu89 -Wall -Wextra -Wno-unused-parameter -Wstrict-prototypes  conftest.c >&5
configure:5327: /usr/bin/nm -B "conftest.o"
configure:5330: output
0000000000000000 B some_variable
configure:5331: result: BSD nm
configure:5334: checking whether ln -s works
configure:5338: result: yes
configure:5346: checking the maximum length of command line arguments
configure:5477: result: 1572864
configure:5525: checking how to convert x86_64-pc-linux-gnu file names to x86_64-pc-linux-gnu format
configure:5565: result: func_convert_file_noop
configure:5572: checking how to convert x86_64-pc-linux-gnu file names to toolchain format
configure:5592: result: func_convert_file_noop
configure:5599: checking for /usr/bin/ld option to reload object files
configure:5606: result: -r
configure:5680: checking for objdump
configure:5696: found /usr/bin/objdump
configure:5707: result: objdump
configure:5739: checking how to recognize dependent libraries
configure:5939: result: pass_all
configure:6024: checking for dlltool
configure:6054: result: no
configure:6084: checking how to associate runtime and link libraries
configure:6111: result: printf %s\n
configure:6235: checking for archiver @FILE support
configure:6252: gcc -c -g -O2 -pedantic -g -std=gnu89 -Wall -Wextra -Wno-unused-parameter -Wstrict-prototypes  conftest.c >&5
conftest.c:14:1: warning: function declaration isn't a prototype [-Wstrict-prototypes]
 main ()
 ^~~~
configure:6252: $? = 0
configure:6255: ar cru libconftest.a @conftest.lst >&5
ar: `u' modifier ignored since `D' is the default (see `U')
configure:6258: $? = 0
configure:6263: ar cru libconftest.a @conftest.lst >&5
ar: `u' modifier ignored since `D' is the default (see `U')
ar: conftest.o: No such file or directory
configure:6266: $? = 1
configure:6265: result: @
configure:6323: checking for strip
configure:6339: found /usr/bin/strip
configure:6350: result: strip
configure:6422: checking for ranlib
configure:6438: found /usr/bin/ranlib
configure:6449: result: ranlib
configure:6551: checking command to parse /usr/bin/nm -B output from gcc object
configure:6704: gcc -c -g -O2 -pedantic -g -std=gnu89 -Wall -Wextra -Wno-unused-parameter -Wstrict-prototypes  conftest.c >&5
conftest.c:10:5: warning: function declaration isn't a prototype [-Wstrict-prototypes]
 int main(){nm_test_var='a';nm_test_func();return(0);}
     ^~~~
configure:6707: $? = 0
configure:6711: /usr/bin/nm -B conftest.o | sed -n -e 's/^.*[	 ]\([ABCDGIRSTW][ABCDGIRSTW]*\)[	 ][	 ]*\([_A-Za-z][_A-Za-z0-9]*\)$/\1 \2 \2/p' | sed '/ __gnu_lto/d' > conftest.nm
configure:6777: gcc -o conftest -g -O2 -pedantic -g -std=gnu89 -Wall -Wextra -Wno-unused-parameter -Wstrict-prototypes   conftest.c conftstm.o >&5
conftest.c:18:1: warning: function declaration isn't a prototype [-Wstrict-prototypes]
 extern int nm_test_func();
 ^~~~~~
conftest.c:29:20: warning: ISO C forbids conversion of function pointer to object pointer type [-Wpedantic]
   {"nm_test_func", (void *) &nm_test_func},
                    ^
configure:6780: $? = 0
configure:6818: result: ok
configure:6865: checking for sysroot
configure:6895: result: no
configure:6902: checking for a working dd
configure:6940: result: /bin/dd
configure:6944: checking how to truncate binary pipes
configure:6959: result: /bin/dd bs=4096 count=1
configure:7095: gcc -c -g -O2 -pedantic -g -std=gnu89 -Wall -Wextra -Wno-unused-parameter -Wstrict-prototypes  conftest.c >&5
configure:7098: $? = 0
configure:7288: checking for mt
configure:7304: found /bin/mt
configure:7315: result: mt
configure:7338: checking if mt is a manifest tool
configure:7344: mt '-?'
configure:7352: result: no
configure:8029: checking how to run the C preprocessor
configure:8060: gcc -E  conftest.c
configure:8060: $? = 0
configure:8074: gcc -E  conftest.c
conftest.c:12:10: fatal error: ac_nonexistent.h: No such file or directory
 #include <ac_nonexistent.h>
          ^~~~~~~~~~~~~~~~~~
compilation terminated.
configure:8074: $? = 1
configure: failed program was:
| /* confdefs.h */
| #define PACKAGE_NAME "libuv"
| #define PACKAGE_TARNAME "libuv"
| #define PACKAGE_VERSION "1.29.1"
| #define PACKAGE_STRING "libuv 1.29.1"
| #define PACKAGE_BUGREPORT "https://github.com/libuv/libuv/issues"
| #define PACKAGE_URL ""
| #define PACKAGE "libuv"
| #define VERSION "1.29.1"
| #define SUPPORT_FLAG_VISIBILITY 1
| /* end confdefs.h.  */
| #include <ac_nonexistent.h>
configure:8099: result: gcc -E
configure:8119: gcc -E  conftest.c
configure:8119: $? = 0
configure:8133: gcc -E  conftest.c
conftest.c:12:10: fatal error: ac_nonexistent.h: No such file or directory
 #include <ac_nonexistent.h>
          ^~~~~~~~~~~~~~~~~~
compilation terminated.
configure:8133: $? = 1
configure: failed program was:
| /* confdefs.h */
| #define PACKAGE_NAME "libuv"
| #define PACKAGE_TARNAME "libuv"
| #define PACKAGE_VERSION "1.29.1"
| #define PACKAGE_STRING "libuv 1.29.1"
| #define PACKAGE_BUGREPORT "https://github.com/libuv/libuv/issues"
| #define PACKAGE_URL ""
| #define PACKAGE "libuv"
| #define VERSION "1.29.1"
| #define SUPPORT_FLAG_VISIBILITY 1
| /* end confdefs.h.  */
| #include <ac_nonexistent.h>
configure:8162: checking for ANSI C header files
configure:8182: gcc -c -g -O2 -pedantic -g -std=gnu89 -Wall -Wextra -Wno-unused-parameter -Wstrict-prototypes  conftest.c >&5
conftest.c:18:1: warning: function declaration isn't a prototype [-Wstrict-prototypes]
 main ()
 ^~~~
configure:8182: $? = 0
configure:8255: gcc -o conftest -g -O2 -pedantic -g -std=gnu89 -Wall -Wextra -Wno-unused-parameter -Wstrict-prototypes   conftest.c  >&5
conftest.c:24:1: warning: function declaration isn't a prototype [-Wstrict-prototypes]
 main ()
 ^~~~
configure:8255: $? = 0
configure:8255: ./conftest
configure:8255: $? = 0
configure:8266: result: yes
configure:8279: checking for sys/types.h
configure:8279: gcc -c -g -O2 -pedantic -g -std=gnu89 -Wall -Wextra -Wno-unused-parameter -Wstrict-prototypes  conftest.c >&5
configure:8279: $? = 0
configure:8279: result: yes
configure:8279: checking for sys/stat.h
configure:8279: gcc -c -g -O2 -pedantic -g -std=gnu89 -Wall -Wextra -Wno-unused-parameter -Wstrict-prototypes  conftest.c >&5
configure:8279: $? = 0
configure:8279: result: yes
configure:8279: checking for stdlib.h
configure:8279: gcc -c -g -O2 -pedantic -g -std=gnu89 -Wall -Wextra -Wno-unused-parameter -Wstrict-prototypes  conftest.c >&5
configure:8279: $? = 0
configure:8279: result: yes
configure:8279: checking for string.h
configure:8279: gcc -c -g -O2 -pedantic -g -std=gnu89 -Wall -Wextra -Wno-unused-parameter -Wstrict-prototypes  conftest.c >&5
configure:8279: $? = 0
configure:8279: result: yes
configure:8279: checking for memory.h
configure:8279: gcc -c -g -O2 -pedantic -g -std=gnu89 -Wall -Wextra -Wno-unused-parameter -Wstrict-prototypes  conftest.c >&5
configure:8279: $? = 0
configure:8279: result: yes
configure:8279: checking for strings.h
configure:8279: gcc -c -g -O2 -pedantic -g -std=gnu89 -Wall -Wextra -Wno-unused-parameter -Wstrict-prototypes  conftest.c >&5
configure:8279: $? = 0
configure:8279: result: yes
configure:8279: checking for inttypes.h
configure:8279: gcc -c -g -O2 -pedantic -g -std=gnu89 -Wall -Wextra -Wno-unused-parameter -Wstrict-prototypes  conftest.c >&5
configure:8279: $? = 0
configure:8279: result: yes
configure:8279: checking for stdint.h
configure:8279: gcc -c -g -O2 -pedantic -g -std=gnu89 -Wall -Wextra -Wno-unused-parameter -Wstrict-prototypes  conftest.c >&5
configure:8279: $? = 0
configure:8279: result: yes
configure:8279: checking for unistd.h
configure:8279: gcc -c -g -O2 -pedantic -g -std=gnu89 -Wall -Wextra -Wno-unused-parameter -Wstrict-prototypes  conftest.c >&5
configure:8279: $? = 0
configure:8279: result: yes
configure:8293: checking for dlfcn.h
configure:8293: gcc -c -g -O2 -pedantic -g -std=gnu89 -Wall -Wextra -Wno-unused-parameter -Wstrict-prototypes  conftest.c >&5
configure:8293: $? = 0
configure:8293: result: yes
configure:8489: checking for objdir
configure:8504: result: .libs
configure:8768: checking if gcc supports -fno-rtti -fno-exceptions
configure:8786: gcc -c -g -O2 -pedantic -g -std=gnu89 -Wall -Wextra -Wno-unused-parameter -Wstrict-prototypes  -fno-rtti -fno-exceptions conftest.c >&5
cc1: warning: command line option '-fno-rtti' is valid for C++/ObjC++ but not for C
configure:8790: $? = 0
configure:8803: result: no
configure:9167: checking for gcc option to produce PIC
configure:9174: result: -fPIC -DPIC
configure:9182: checking if gcc PIC flag -fPIC -DPIC works
configure:9200: gcc -c -g -O2 -pedantic -g -std=gnu89 -Wall -Wextra -Wno-unused-parameter -Wstrict-prototypes  -fPIC -DPIC -DPIC conftest.c >&5
configure:9204: $? = 0
configure:9217: result: yes
configure:9246: checking if gcc static flag -static works
conftest.c:1:5: warning: function declaration isn't a prototype [-Wstrict-prototypes]
 int main(){return(0);}
     ^~~~
configure:9274: result: yes
configure:9289: checking if gcc supports -c -o file.o
configure:9310: gcc -c -g -O2 -pedantic -g -std=gnu89 -Wall -Wextra -Wno-unused-parameter -Wstrict-prototypes  -o out/conftest2.o conftest.c >&5
configure:9314: $? = 0
configure:9336: result: yes
configure:9344: checking if gcc supports -c -o file.o
configure:9391: result: yes
configure:9424: checking whether the gcc linker (/usr/bin/ld -m elf_x86_64) supports shared libraries
configure:10687: result: yes
configure:10927: checking dynamic linker characteristics
configure:11508: gcc -o conftest -g -O2 -pedantic -g -std=gnu89 -Wall -Wextra -Wno-unused-parameter -Wstrict-prototypes   -Wl,-rpath -Wl,/foo conftest.c  >&5
conftest.c:26:1: warning: function declaration isn't a prototype [-Wstrict-prototypes]
 main ()
 ^~~~
configure:11508: $? = 0
configure:11757: result: GNU/Linux ld.so
configure:11879: checking how to hardcode library paths into programs
configure:11904: result: immediate
configure:12452: checking whether stripping libraries is possible
configure:12457: result: yes
configure:12492: checking if libtool supports shared libraries
configure:12494: result: yes
configure:12497: checking whether to build shared libraries
configure:12522: result: no
configure:12525: checking whether to build static libraries
configure:12529: result: yes
configure:9353: checking whether make supports nested variables
configure:9370: result: yes
configure:9383: checking for dlopen in -ldl
configure:9408: gcc -o conftest -g -O2 -pedantic -g -std=gnu89 -Wall -Wextra -Wno-unused-parameter -Wstrict-prototypes   conftest.c -ldl   >&5
conftest.c:31:1: warning: function declaration isn't a prototype [-Wstrict-prototypes]
 char dlopen ();
 ^~~~
conftest.c:33:1: warning: function declaration isn't a prototype [-Wstrict-prototypes]
 main ()
 ^~~~
configure:9408: $? = 0
configure:9417: result: yes
configure:9428: checking for kstat_lookup in -lkstat
configure:9453: gcc -o conftest -g -O2 -pedantic -g -std=gnu89 -Wall -Wextra -Wno-unused-parameter -Wstrict-prototypes   conftest.c -lkstat  -ldl  >&5
conftest.c:32:1: warning: function declaration isn't a prototype [-Wstrict-prototypes]
 char kstat_lookup ();
 ^~~~
conftest.c:34:1: warning: function declaration isn't a prototype [-Wstrict-prototypes]
 main ()
 ^~~~
/usr/bin/ld: cannot find -lkstat
collect2: error: ld returned 1 exit status
configure:9453: $? = 1
configure: failed program was:
| /* confdefs.h */
| #define PACKAGE_NAME "libuv"
| #define PACKAGE_TARNAME "libuv"
| #define PACKAGE_VERSION "1.29.1"
| #define PACKAGE_STRING "libuv 1.29.1"
| #define PACKAGE_BUGREPORT "https://github.com/libuv/libuv/issues"
| #define PACKAGE_URL ""
| #define PACKAGE "libuv"
| #define VERSION "1.29.1"
| #define SUPPORT_FLAG_VISIBILITY 1
| #define STDC_HEADERS 1
| #define HAVE_SYS_TYPES_H 1
| #define HAVE_SYS_STAT_H 1
| #define HAVE_STDLIB_H 1
| #define HAVE_STRING_H 1
| #define HAVE_MEMORY_H 1
| #define HAVE_STRINGS_H 1
| #define HAVE_INTTYPES_H 1
| #define HAVE_STDINT_H 1
| #define HAVE_UNISTD_H 1
| #define HAVE_DLFCN_H 1
| #define LT_OBJDIR ".libs/"
| #define HAVE_LIBDL 1
| /* end confdefs.h.  */
| 
| /* Override any GCC internal prototype to avoid an error.
|    Use char because int might match the return type of a GCC
|    builtin and then its argument prototype would still apply.  */
| #ifdef __cplusplus
| extern "C"
| #endif
| char kstat_lookup ();
| int
| main ()
| {
| return kstat_lookup ();
|   ;
|   return 0;
| }
configure:9462: result: no
configure:9473: checking for gethostbyname in -lnsl
configure:9498: gcc -o conftest -g -O2 -pedantic -g -std=gnu89 -Wall -Wextra -Wno-unused-parameter -Wstrict-prototypes   conftest.c -lnsl  -ldl  >&5
conftest.c:32:1: warning: function declaration isn't a prototype [-Wstrict-prototypes]
 char gethostbyname ();
 ^~~~
conftest.c:34:1: warning: function declaration isn't a prototype [-Wstrict-prototypes]
 main ()
 ^~~~
configure:9498: $? = 0
configure:9507: result: yes
configure:9518: checking for perfstat_cpu in -lperfstat
configure:9543: gcc -o conftest -g -O2 -pedantic -g -std=gnu89 -Wall -Wextra -Wno-unused-parameter -Wstrict-prototypes   conftest.c -lperfstat  -lnsl -ldl  >&5
conftest.c:33:1: warning: function declaration isn't a prototype [-Wstrict-prototypes]
 char perfstat_cpu ();
 ^~~~
conftest.c:35:1: warning: function declaration isn't a prototype [-Wstrict-prototypes]
 main ()
 ^~~~
/usr/bin/ld: cannot find -lperfstat
collect2: error: ld returned 1 exit status
configure:9543: $? = 1
configure: failed program was:
| /* confdefs.h */
| #define PACKAGE_NAME "libuv"
| #define PACKAGE_TARNAME "libuv"
| #define PACKAGE_VERSION "1.29.1"
| #define PACKAGE_STRING "libuv 1.29.1"
| #define PACKAGE_BUGREPORT "https://github.com/libuv/libuv/issues"
| #define PACKAGE_URL ""
| #define PACKAGE "libuv"
| #define VERSION "1.29.1"
| #define SUPPORT_FLAG_VISIBILITY 1
| #define STDC_HEADERS 1
| #define HAVE_SYS_TYPES_H 1
| #define HAVE_SYS_STAT_H 1
| #define HAVE_STDLIB_H 1
| #define HAVE_STRING_H 1
| #define HAVE_MEMORY_H 1
| #define HAVE_STRINGS_H 1
| #define HAVE_INTTYPES_H 1
| #define HAVE_STDINT_H 1
| #define HAVE_UNISTD_H 1
| #define HAVE_DLFCN_H 1
| #define LT_OBJDIR ".libs/"
| #define HAVE_LIBDL 1
| #define HAVE_LIBNSL 1
| /* end confdefs.h.  */
| 
| /* Override any GCC internal prototype to avoid an error.
|    Use char because int might match the return type of a GCC
|    builtin and then its argument prototype would still apply.  */
| #ifdef __cplusplus
| extern "C"
| #endif
| char perfstat_cpu ();
| int
| main ()
| {
| return perfstat_cpu ();
|   ;
|   return 0;
| }
configure:9552: result: no
configure:9563: checking for pthread_mutex_init in -lpthread
configure:9588: gcc -o conftest -g -O2 -pedantic -g -std=gnu89 -Wall -Wextra -Wno-unused-parameter -Wstrict-prototypes   conftest.c -lpthread  -lnsl -ldl  >&5
conftest.c:33:1: warning: function declaration isn't a prototype [-Wstrict-prototypes]
 char pthread_mutex_init ();
 ^~~~
conftest.c:35:1: warning: function declaration isn't a prototype [-Wstrict-prototypes]
 main ()
 ^~~~
configure:9588: $? = 0
configure:9597: result: yes
configure:9608: checking for clock_gettime in -lrt
configure:9633: gcc -o conftest -g -O2 -pedantic -g -std=gnu89 -Wall -Wextra -Wno-unused-parameter -Wstrict-prototypes   conftest.c -lrt  -lpthread -lnsl -ldl  >&5
conftest.c:34:1: warning: function declaration isn't a prototype [-Wstrict-prototypes]
 char clock_gettime ();
 ^~~~
conftest.c:36:1: warning: function declaration isn't a prototype [-Wstrict-prototypes]
 main ()
 ^~~~
configure:9633: $? = 0
configure:9642: result: yes
configure:9653: checking for sendfile in -lsendfile
configure:9678: gcc -o conftest -g -O2 -pedantic -g -std=gnu89 -Wall -Wextra -Wno-unused-parameter -Wstrict-prototypes   conftest.c -lsendfile  -lrt -lpthread -lnsl -ldl  >&5
conftest.c:35:1: warning: function declaration isn't a prototype [-Wstrict-prototypes]
 char sendfile ();
 ^~~~
conftest.c:37:1: warning: function declaration isn't a prototype [-Wstrict-prototypes]
 main ()
 ^~~~
/usr/bin/ld: cannot find -lsendfile
collect2: error: ld returned 1 exit status
configure:9678: $? = 1
configure: failed program was:
| /* confdefs.h */
| #define PACKAGE_NAME "libuv"
| #define PACKAGE_TARNAME "libuv"
| #define PACKAGE_VERSION "1.29.1"
| #define PACKAGE_STRING "libuv 1.29.1"
| #define PACKAGE_BUGREPORT "https://github.com/libuv/libuv/issues"
| #define PACKAGE_URL ""
| #define PACKAGE "libuv"
| #define VERSION "1.29.1"
| #define SUPPORT_FLAG_VISIBILITY 1
| #define STDC_HEADERS 1
| #define HAVE_SYS_TYPES_H 1
| #define HAVE_SYS_STAT_H 1
| #define HAVE_STDLIB_H 1
| #define HAVE_STRING_H 1
| #define HAVE_MEMORY_H 1
| #define HAVE_STRINGS_H 1
| #define HAVE_INTTYPES_H 1
| #define HAVE_STDINT_H 1
| #define HAVE_UNISTD_H 1
| #define HAVE_DLFCN_H 1
| #define LT_OBJDIR ".libs/"
| #define HAVE_LIBDL 1
| #define HAVE_LIBNSL 1
| #define HAVE_LIBPTHREAD 1
| #define HAVE_LIBRT 1
| /* end confdefs.h.  */
| 
| /* Override any GCC internal prototype to avoid an error.
|    Use char because int might match the return type of a GCC
|    builtin and then its argument prototype would still apply.  */
| #ifdef __cplusplus
| extern "C"
| #endif
| char sendfile ();
| int
| main ()
| {
| return sendfile ();
|   ;
|   return 0;
| }
configure:9687: result: no
configure:9698: checking for socket in -lsocket
configure:9723: gcc -o conftest -g -O2 -pedantic -g -std=gnu89 -Wall -Wextra -Wno-unused-parameter -Wstrict-prototypes   conftest.c -lsocket  -lrt -lpthread -lnsl -ldl  >&5
conftest.c:35:1: warning: function declaration isn't a prototype [-Wstrict-prototypes]
 char socket ();
 ^~~~
conftest.c:37:1: warning: function declaration isn't a prototype [-Wstrict-prototypes]
 main ()
 ^~~~
/usr/bin/ld: cannot find -lsocket
collect2: error: ld returned 1 exit status
configure:9723: $? = 1
configure: failed program was:
| /* confdefs.h */
| #define PACKAGE_NAME "libuv"
| #define PACKAGE_TARNAME "libuv"
| #define PACKAGE_VERSION "1.29.1"
| #define PACKAGE_STRING "libuv 1.29.1"
| #define PACKAGE_BUGREPORT "https://github.com/libuv/libuv/issues"
| #define PACKAGE_URL ""
| #define PACKAGE "libuv"
| #define VERSION "1.29.1"
| #define SUPPORT_FLAG_VISIBILITY 1
| #define STDC_HEADERS 1
| #define HAVE_SYS_TYPES_H 1
| #define HAVE_SYS_STAT_H 1
| #define HAVE_STDLIB_H 1
| #define HAVE_STRING_H 1
| #define HAVE_MEMORY_H 1
| #define HAVE_STRINGS_H 1
| #define HAVE_INTTYPES_H 1
| #define HAVE_STDINT_H 1
| #define HAVE_UNISTD_H 1
| #define HAVE_DLFCN_H 1
| #define LT_OBJDIR ".libs/"
| #define HAVE_LIBDL 1
| #define HAVE_LIBNSL 1
| #define HAVE_LIBPTHREAD 1
| #define HAVE_LIBRT 1
| /* end confdefs.h.  */
| 
| /* Override any GCC internal prototype to avoid an error.
|    Use char because int might match the return type of a GCC
|    builtin and then its argument prototype would still apply.  */
| #ifdef __cplusplus
| extern "C"
| #endif
| char socket ();
| int
| main ()
| {
| return socket ();
|   ;
|   return 0;
| }
configure:9732: result: no
configure:9750: checking for special C compiler options needed for large files
configure:9795: result: no
configure:9801: checking for _FILE_OFFSET_BITS value needed for large files
configure:9826: gcc -c -g -O2 -pedantic -g -std=gnu89 -Wall -Wextra -Wno-unused-parameter -Wstrict-prototypes  conftest.c >&5
conftest.c:38:1: warning: function declaration isn't a prototype [-Wstrict-prototypes]
 main ()
 ^~~~
configure:9826: $? = 0
configure:9858: result: no
configure:10156: checking sys/ahafs_evProds.h usability
configure:10156: gcc -c -g -O2 -pedantic -g -std=gnu89 -Wall -Wextra -Wno-unused-parameter -Wstrict-prototypes  conftest.c >&5
conftest.c:61:10: fatal error: sys/ahafs_evProds.h: No such file or directory
 #include <sys/ahafs_evProds.h>
          ^~~~~~~~~~~~~~~~~~~~~
compilation terminated.
configure:10156: $? = 1
configure: failed program was:
| /* confdefs.h */
| #define PACKAGE_NAME "libuv"
| #define PACKAGE_TARNAME "libuv"
| #define PACKAGE_VERSION "1.29.1"
| #define PACKAGE_STRING "libuv 1.29.1"
| #define PACKAGE_BUGREPORT "https://github.com/libuv/libuv/issues"
| #define PACKAGE_URL ""
| #define PACKAGE "libuv"
| #define VERSION "1.29.1"
| #define SUPPORT_FLAG_VISIBILITY 1
| #define STDC_HEADERS 1
| #define HAVE_SYS_TYPES_H 1
| #define HAVE_SYS_STAT_H 1
| #define HAVE_STDLIB_H 1
| #define HAVE_STRING_H 1
| #define HAVE_MEMORY_H 1
| #define HAVE_STRINGS_H 1
| #define HAVE_INTTYPES_H 1
| #define HAVE_STDINT_H 1
| #define HAVE_UNISTD_H 1
| #define HAVE_DLFCN_H 1
| #define LT_OBJDIR ".libs/"
| #define HAVE_LIBDL 1
| #define HAVE_LIBNSL 1
| #define HAVE_LIBPTHREAD 1
| #define HAVE_LIBRT 1
| /* end confdefs.h.  */
| #include <stdio.h>
| #ifdef HAVE_SYS_TYPES_H
| # include <sys/types.h>
| #endif
| #ifdef HAVE_SYS_STAT_H
| # include <sys/stat.h>
| #endif
| #ifdef STDC_HEADERS
| # include <stdlib.h>
| # include <stddef.h>
| #else
| # ifdef HAVE_STDLIB_H
| #  include <stdlib.h>
| # endif
| #endif
| #ifdef HAVE_STRING_H
| # if !defined STDC_HEADERS && defined HAVE_MEMORY_H
| #  include <memory.h>
| # endif
| # include <string.h>
| #endif
| #ifdef HAVE_STRINGS_H
| # include <strings.h>
| #endif
| #ifdef HAVE_INTTYPES_H
| # include <inttypes.h>
| #endif
| #ifdef HAVE_STDINT_H
| # include <stdint.h>
| #endif
| #ifdef HAVE_UNISTD_H
| # include <unistd.h>
| #endif
| #include <sys/ahafs_evProds.h>
configure:10156: result: no
configure:10156: checking sys/ahafs_evProds.h presence
configure:10156: gcc -E  conftest.c
conftest.c:28:10: fatal error: sys/ahafs_evProds.h: No such file or directory
 #include <sys/ahafs_evProds.h>
          ^~~~~~~~~~~~~~~~~~~~~
compilation terminated.
configure:10156: $? = 1
configure: failed program was:
| /* confdefs.h */
| #define PACKAGE_NAME "libuv"
| #define PACKAGE_TARNAME "libuv"
| #define PACKAGE_VERSION "1.29.1"
| #define PACKAGE_STRING "libuv 1.29.1"
| #define PACKAGE_BUGREPORT "https://github.com/libuv/libuv/issues"
| #define PACKAGE_URL ""
| #define PACKAGE "libuv"
| #define VERSION "1.29.1"
| #define SUPPORT_FLAG_VISIBILITY 1
| #define STDC_HEADERS 1
| #define HAVE_SYS_TYPES_H 1
| #define HAVE_SYS_STAT_H 1
| #define HAVE_STDLIB_H 1
| #define HAVE_STRING_H 1
| #define HAVE_MEMORY_H 1
| #define HAVE_STRINGS_H 1
| #define HAVE_INTTYPES_H 1
| #define HAVE_STDINT_H 1
| #define HAVE_UNISTD_H 1
| #define HAVE_DLFCN_H 1
| #define LT_OBJDIR ".libs/"
| #define HAVE_LIBDL 1
| #define HAVE_LIBNSL 1
| #define HAVE_LIBPTHREAD 1
| #define HAVE_LIBRT 1
| /* end confdefs.h.  */
| #include <sys/ahafs_evProds.h>
configure:10156: result: no
configure:10156: checking for sys/ahafs_evProds.h
configure:10156: result: no
configure:10309: checking that generated files are newer than configure
configure:10315: result: done
configure:10394: creating ./config.status

## ---------------------- ##
## Running config.status. ##
## ---------------------- ##

This file was extended by libuv config.status 1.29.1, which was
generated by GNU Autoconf 2.69.  Invocation command line was

  CONFIG_FILES    = 
  CONFIG_HEADERS  = 
  CONFIG_LINKS    = 
  CONFIG_COMMANDS = 
  $ ./config.status 

on n

config.status:1036: creating Makefile
config.status:1036: creating libuv.pc
config.status:1239: executing depfiles commands
config.status:1312: cd .       && sed -e '/# am--include-marker/d' Makefile         | make -f - am--depfiles
config.status:1317: $? = 0
config.status:1239: executing libtool commands

## ---------------- ##
## Cache variables. ##
## ---------------- ##

ac_cv_build=x86_64-pc-linux-gnu
ac_cv_c_compiler_gnu=yes
ac_cv_env_CC_set=
ac_cv_env_CC_value=
ac_cv_env_CFLAGS_set=
ac_cv_env_CFLAGS_value=
ac_cv_env_CPPFLAGS_set=
ac_cv_env_CPPFLAGS_value=
ac_cv_env_CPP_set=
ac_cv_env_CPP_value=
ac_cv_env_LDFLAGS_set=
ac_cv_env_LDFLAGS_value=
ac_cv_env_LIBS_set=
ac_cv_env_LIBS_value=
ac_cv_env_LT_SYS_LIBRARY_PATH_set=
ac_cv_env_LT_SYS_LIBRARY_PATH_value=
ac_cv_env_build_alias_set=
ac_cv_env_build_alias_value=
ac_cv_env_host_alias_set=
ac_cv_env_host_alias_value=
ac_cv_env_target_alias_set=
ac_cv_env_target_alias_value=
ac_cv_header_dlfcn_h=yes
ac_cv_header_inttypes_h=yes
ac_cv_header_memory_h=yes
ac_cv_header_stdc=yes
ac_cv_header_stdint_h=yes
ac_cv_header_stdlib_h=yes
ac_cv_header_string_h=yes
ac_cv_header_strings_h=yes
ac_cv_header_sys_ahafs_evProds_h=no
ac_cv_header_sys_stat_h=yes
ac_cv_header_sys_types_h=yes
ac_cv_header_unistd_h=yes
ac_cv_host=x86_64-pc-linux-gnu
ac_cv_lib_dl_dlopen=yes
ac_cv_lib_kstat_kstat_lookup=no
ac_cv_lib_nsl_gethostbyname=yes
ac_cv_lib_perfstat_perfstat_cpu=no
ac_cv_lib_pthread_pthread_mutex_init=yes
ac_cv_lib_rt_clock_gettime=yes
ac_cv_lib_sendfile_sendfile=no
ac_cv_lib_socket_socket=no
ac_cv_objext=o
ac_cv_path_EGREP='/bin/grep -E'
ac_cv_path_FGREP='/bin/grep -F'
ac_cv_path_GREP=/bin/grep
ac_cv_path_SED=/bin/sed
ac_cv_path_install='/usr/bin/install -c'
ac_cv_path_lt_DD=/bin/dd
ac_cv_path_mkdir=/bin/mkdir
ac_cv_prog_AWK=gawk
ac_cv_prog_CPP='gcc -E'
ac_cv_prog_ac_ct_AR=ar
ac_cv_prog_ac_ct_CC=gcc
ac_cv_prog_ac_ct_MANIFEST_TOOL=mt
ac_cv_prog_ac_ct_OBJDUMP=objdump
ac_cv_prog_ac_ct_RANLIB=ranlib
ac_cv_prog_ac_ct_STRIP=strip
ac_cv_prog_cc_c89=
ac_cv_prog_cc_g=yes
ac_cv_prog_make_make_set=yes
ac_cv_sys_file_offset_bits=no
ac_cv_sys_largefile_CC=no
am_cv_CC_dependencies_compiler_type=gcc3
am_cv_ar_interface=ar
am_cv_make_support_nested_variables=yes
am_cv_prog_cc_c_o=yes
cc_cv_cflags__Wall=yes
cc_cv_cflags__Werror=yes
cc_cv_cflags__Wextra=yes
cc_cv_cflags__Wno_unused_parameter=yes
cc_cv_cflags__Wstrict_prototypes=yes
cc_cv_cflags__fvisibility_hidden=yes
cc_cv_cflags__g=yes
cc_cv_cflags__pedantic=yes
cc_cv_cflags__std_gnu89=yes
cc_cv_flag_visibility=yes
cc_cv_werror=-Werror
lt_cv_ar_at_file=@
lt_cv_deplibs_check_method=pass_all
lt_cv_file_magic_cmd='$MAGIC_CMD'
lt_cv_file_magic_test_file=
lt_cv_ld_reload_flag=-r
lt_cv_nm_interface='BSD nm'
lt_cv_objdir=.libs
lt_cv_path_LD=/usr/bin/ld
lt_cv_path_NM='/usr/bin/nm -B'
lt_cv_path_mainfest_tool=no
lt_cv_prog_compiler_c_o=yes
lt_cv_prog_compiler_pic='-fPIC -DPIC'
lt_cv_prog_compiler_pic_works=yes
lt_cv_prog_compiler_rtti_exceptions=no
lt_cv_prog_compiler_static_works=yes
lt_cv_prog_gnu_ld=yes
lt_cv_sharedlib_from_linklib_cmd='printf %s\n'
lt_cv_shlibpath_overrides_runpath=yes
lt_cv_sys_global_symbol_pipe='sed -n -e '\''s/^.*[	 ]\([ABCDGIRSTW][ABCDGIRSTW]*\)[	 ][	 ]*\([_A-Za-z][_A-Za-z0-9]*\)$/\1 \2 \2/p'\'' | sed '\''/ __gnu_lto/d'\'''
lt_cv_sys_global_symbol_to_c_name_address='sed -n -e '\''s/^: \(.*\) .*$/  {"\1", (void *) 0},/p'\'' -e '\''s/^[ABCDGIRSTW][ABCDGIRSTW]* .* \(.*\)$/  {"\1", (void *) \&\1},/p'\'''
lt_cv_sys_global_symbol_to_c_name_address_lib_prefix='sed -n -e '\''s/^: \(.*\) .*$/  {"\1", (void *) 0},/p'\'' -e '\''s/^[ABCDGIRSTW][ABCDGIRSTW]* .* \(lib.*\)$/  {"\1", (void *) \&\1},/p'\'' -e '\''s/^[ABCDGIRSTW][ABCDGIRSTW]* .* \(.*\)$/  {"lib\1", (void *) \&\1},/p'\'''
lt_cv_sys_global_symbol_to_cdecl='sed -n -e '\''s/^T .* \(.*\)$/extern int \1();/p'\'' -e '\''s/^[ABCDGIRSTW][ABCDGIRSTW]* .* \(.*\)$/extern char \1;/p'\'''
lt_cv_sys_global_symbol_to_import=
lt_cv_sys_max_cmd_len=1572864
lt_cv_to_host_file_cmd=func_convert_file_noop
lt_cv_to_tool_file_cmd=func_convert_file_noop
lt_cv_truncate_bin='/bin/dd bs=4096 count=1'

## ----------------- ##
## Output variables. ##
## ----------------- ##

ACLOCAL='${SHELL} /home/stano/git/rum/libuv-v1.29.1/missing aclocal-1.16'
AIX_FALSE=''
AIX_TRUE='#'
AMDEPBACKSLASH='\'
AMDEP_FALSE='#'
AMDEP_TRUE=''
AMTAR='$${TAR-tar}'
AM_BACKSLASH='\'
AM_DEFAULT_V='$(AM_DEFAULT_VERBOSITY)'
AM_DEFAULT_VERBOSITY='0'
AM_V='$(V)'
ANDROID_FALSE=''
ANDROID_TRUE='#'
AR='ar'
AUTOCONF='${SHELL} /home/stano/git/rum/libuv-v1.29.1/missing autoconf'
AUTOHEADER='${SHELL} /home/stano/git/rum/libuv-v1.29.1/missing autoheader'
AUTOMAKE='${SHELL} /home/stano/git/rum/libuv-v1.29.1/missing automake-1.16'
AWK='gawk'
CC='gcc'
CCDEPMODE='depmode=gcc3'
CFLAGS='-g -O2 -pedantic -g -std=gnu89 -Wall -Wextra -Wno-unused-parameter -Wstrict-prototypes'
CPP='gcc -E'
CPPFLAGS=''
CYGPATH_W='echo'
CYGWIN_FALSE=''
CYGWIN_TRUE='#'
DARWIN_FALSE=''
DARWIN_TRUE='#'
DEFS='-DPACKAGE_NAME=\"libuv\" -DPACKAGE_TARNAME=\"libuv\" -DPACKAGE_VERSION=\"1.29.1\" -DPACKAGE_STRING=\"libuv\ 1.29.1\" -DPACKAGE_BUGREPORT=\"https://github.com/libuv/libuv/issues\" -DPACKAGE_URL=\"\" -DPACKAGE=\"libuv\" -DVERSION=\"1.29.1\" -DSUPPORT_FLAG_VISIBILITY=1 -DSTDC_HEADERS=1 -DHAVE_SYS_TYPES_H=1 -DHAVE_SYS_STAT_H=1 -DHAVE_STDLIB_H=1 -DHAVE_STRING_H=1 -DHAVE_MEMORY_H=1 -DHAVE_STRINGS_H=1 -DHAVE_INTTYPES_H=1 -DHAVE_STDINT_H=1 -DHAVE_UNISTD_H=1 -DHAVE_DLFCN_H=1 -DLT_OBJDIR=\".libs/\" -DHAVE_LIBDL=1 -DHAVE_LIBNSL=1 -DHAVE_LIBPTHREAD=1 -DHAVE_LIBRT=1'
DEPDIR='.deps'
DLLTOOL='false'
DRAGONFLY_FALSE=''
DRAGONFLY_TRUE='#'
DSYMUTIL=''
DUMPBIN=''
ECHO_C=''
ECHO_N='-n'
ECHO_T=''
EGREP='/bin/grep -E'
EXEEXT=''
FGREP='/bin/grep -F'
FREEBSD_FALSE=''
FREEBSD_TRUE='#'
GREP='/bin/grep'
HURD_FALSE=''
HURD_TRUE='#'
INSTALL_DATA='${INSTALL} -m 644'
INSTALL_PROGRAM='${INSTALL}'
INSTALL_SCRIPT='${INSTALL}'
INSTALL_STRIP_PROGRAM='$(install_sh) -c -s'
LD='/usr/bin/ld -m elf_x86_64'
LDFLAGS=''
LIBOBJS=''
LIBS='-lrt -lpthread -lnsl -ldl '
LIBTOOL='$(SHELL) $(top_builddir)/libtool'
LINUX_FALSE='#'
LINUX_TRUE=''
LIPO=''
LN_S='ln -s'
LTLIBOBJS=''
LT_SYS_LIBRARY_PATH=''
MAKEINFO='${SHELL} /home/stano/git/rum/libuv-v1.29.1/missing makeinfo'
MANIFEST_TOOL=':'
MKDIR_P='/bin/mkdir -p'
MSYS_FALSE=''
MSYS_TRUE='#'
NETBSD_FALSE=''
NETBSD_TRUE='#'
NM='/usr/bin/nm -B'
NMEDIT=''
OBJDUMP='objdump'
OBJEXT='o'
OPENBSD_FALSE=''
OPENBSD_TRUE='#'
OS390_FALSE=''
OS390_TRUE='#'
OTOOL64=''
OTOOL=''
PACKAGE='libuv'
PACKAGE_BUGREPORT='https://github.com/libuv/libuv/issues'
PACKAGE_NAME='libuv'
PACKAGE_STRING='libuv 1.29.1'
PACKAGE_TARNAME='libuv'
PACKAGE_URL=''
PACKAGE_VERSION='1.29.1'
PATH_SEPARATOR=':'
RANLIB='ranlib'
SED='/bin/sed'
SET_MAKE=''
SHELL='/bin/bash'
STRIP='strip'
SUNOS_FALSE=''
SUNOS_TRUE='#'
VERSION='1.29.1'
WINNT_FALSE=''
WINNT_TRUE='#'
ac_ct_AR='ar'
ac_ct_CC='gcc'
ac_ct_DUMPBIN=''
am__EXEEXT_FALSE=''
am__EXEEXT_TRUE='#'
am__fastdepCC_FALSE='#'
am__fastdepCC_TRUE=''
am__include='include'
am__isrc=''
am__leading_dot='.'
am__nodep='_no'
am__quote=''
am__tar='$${TAR-tar} chof - "$$tardir"'
am__untar='$${TAR-tar} xf -'
bindir='${exec_prefix}/bin'
build='x86_64-pc-linux-gnu'
build_alias=''
build_cpu='x86_64'
build_os='linux-gnu'
build_vendor='pc'
datadir='${datarootdir}'
datarootdir='${prefix}/share'
docdir='${datarootdir}/doc/${PACKAGE_TARNAME}'
dvidir='${docdir}'
exec_prefix='${prefix}'
host='x86_64-pc-linux-gnu'
host_alias=''
host_cpu='x86_64'
host_os='linux-gnu'
host_vendor='pc'
htmldir='${docdir}'
includedir='${prefix}/include'
infodir='${datarootdir}/info'
install_sh='${SHELL} /home/stano/git/rum/libuv-v1.29.1/install-sh'
libdir='${exec_prefix}/lib'
libexecdir='${exec_prefix}/libexec'
localedir='${datarootdir}/locale'
localstatedir='${prefix}/var'
mandir='${datarootdir}/man'
mkdir_p='$(MKDIR_P)'
oldincludedir='/usr/include'
pdfdir='${docdir}'
prefix='/usr/local'
program_transform_name='s,x,x,'
psdir='${docdir}'
runstatedir='${localstatedir}/run'
sbindir='${exec_prefix}/sbin'
sharedstatedir='${prefix}/com'
sysconfdir='${prefix}/etc'
target_alias=''

## ----------- ##
## confdefs.h. ##
## ----------- ##

/* confdefs.h */
#define PACKAGE_NAME "libuv"
#define PACKAGE_TARNAME "libuv"
#define PACKAGE_VERSION "1.29.1"
#define PACKAGE_STRING "libuv 1.29.1"
#define PACKAGE_BUGREPORT "https://github.com/libuv/libuv/issues"
#define PACKAGE_URL ""
#define PACKAGE "libuv"
#define VERSION "1.29.1"
#define SUPPORT_FLAG_VISIBILITY 1
#define STDC_HEADERS 1
#define HAVE_SYS_TYPES_H 1
#define HAVE_SYS_STAT_H 1
#define HAVE_STDLIB_H 1
#define HAVE_STRING_H 1
#define HAVE_MEMORY_H 1
#define HAVE_STRINGS_H 1
#define HAVE_INTTYPES_H 1
#define HAVE_STDINT_H 1
#define HAVE_UNISTD_H 1
#define HAVE_DLFCN_H 1
#define LT_OBJDIR ".libs/"
#define HAVE_LIBDL 1
#define HAVE_LIBNSL 1
#define HAVE_LIBPTHREAD 1
#define HAVE_LIBRT 1

configure: exit 0
